1635677584940	geckodriver	INFO	Listening on 127.0.0.1:51144
1635677588011	mozrunner::runner	INFO	Running command: "C:\\Program Files\\Mozilla Firefox\\firefox.exe" "--marionette" "--remote-debugging-port" "51145" "-no-remote" "-profile" "C:\\Users\\kumar\\AppData\\Local\\Temp\\rust_mozprofileCbzDUr"
1635677589036	Marionette	INFO	Marionette enabled
console.warn: SearchSettings: "get: No settings file exists, new profile?" (new NotFoundError("Could not open the file at C:\\Users\\kumar\\AppData\\Local\\Temp\\rust_mozprofileCbzDUr\\search.json.mozlz4", (void 0)))
DevTools listening on ws://localhost:51145/devtools/browser/9ec9d5f4-64e8-4970-804c-82b5b49d8a76
1635677592387	Marionette	INFO	Listening on port 51153
1635677592816	RemoteAgent	WARN	TLS certificate errors will be ignored for this session
1635677621683	Marionette	INFO	Stopped listening on port 51153
JavaScript error: resource:///modules/Interactions.jsm, line 209: NS_ERROR_FAILURE: Component returned failure code: 0x80004005 (NS_ERROR_FAILURE) [nsIUserIdleService.removeIdleObserver]
!!! error running onStopped callback: TypeError: callback is not a function

###!!! [Child][MessageChannel] Error: (msgtype=0x590004,name=PHttpChannel::Msg_Cancel) Channel closing: too late to send/recv, messages will be lost


###!!! [Child][MessageChannel] Error: (msgtype=0x590008,name=PHttpChannel::Msg_DeletingChannel) Channel closing: too late to send/recv, messages will be lost

1635677622546	RemoteAgent	ERROR	unable to stop listener: [Exception... "Component returned failure code: 0x8000ffff (NS_ERROR_UNEXPECTED) [nsIWindowMediator.getEnumerator]"  nsresult: "0x8000ffff (NS_ERROR_UNEXPECTED)"  location: "JS frame :: chrome://remote/content/cdp/observers/TargetObserver.jsm :: stop :: line 64"  data: no] Stack trace: stop()@TargetObserver.jsm:64
unwatchForTabs()@TargetList.jsm:70
unwatchForTargets()@TargetList.jsm:37
destructor()@TargetList.jsm:109
stop()@CDP.jsm:104
close()@RemoteAgent.jsm:138
1636810476421	geckodriver	INFO	Listening on 127.0.0.1:65358
1636810479496	mozrunner::runner	INFO	Running command: "C:\\Program Files\\Mozilla Firefox\\firefox.exe" "--marionette" "--remote-debugging-port" "65359" "-no-remote" "-profile" "C:\\Users\\kumar\\AppData\\Local\\Temp\\rust_mozprofilef4aibn"
